
===== Global Model Architecture (2NN) =====
Model: "sequential"
┏━━━━━━━━━━━━━━━━━━━━━━━━━━━━━━━━━━━━━━┳━━━━━━━━━━━━━━━━━━━━━━━━━━━━━┳━━━━━━━━━━━━━━━━━┓
┃ Layer (type)                         ┃ Output Shape                ┃         Param # ┃
┡━━━━━━━━━━━━━━━━━━━━━━━━━━━━━━━━━━━━━━╇━━━━━━━━━━━━━━━━━━━━━━━━━━━━━╇━━━━━━━━━━━━━━━━━┩
│ dense (Dense)                        │ (None, 200)                 │         157,000 │
├──────────────────────────────────────┼─────────────────────────────┼─────────────────┤
│ dense_1 (Dense)                      │ (None, 200)                 │          40,200 │
├──────────────────────────────────────┼─────────────────────────────┼─────────────────┤
│ dense_2 (Dense)                      │ (None, 10)                  │           2,010 │
└──────────────────────────────────────┴─────────────────────────────┴─────────────────┘
 Total params: 199,210 (778.16 KB)
 Trainable params: 199,210 (778.16 KB)
 Non-trainable params: 0 (0.00 B)


===== NonIID Data Distribution =====
Data distributed among 100 clients 

Client ID: 0, Data Size (Number of Samples): 593, Unique Labels: [0]
Client ID: 1, Data Size (Number of Samples): 593, Unique Labels: [0]
Client ID: 2, Data Size (Number of Samples): 593, Unique Labels: [0]
Client ID: 3, Data Size (Number of Samples): 592, Unique Labels: [0]
Client ID: 4, Data Size (Number of Samples): 592, Unique Labels: [0]
Client ID: 5, Data Size (Number of Samples): 592, Unique Labels: [0]
Client ID: 6, Data Size (Number of Samples): 592, Unique Labels: [0]
Client ID: 7, Data Size (Number of Samples): 592, Unique Labels: [0]
Client ID: 8, Data Size (Number of Samples): 592, Unique Labels: [0]
Client ID: 9, Data Size (Number of Samples): 592, Unique Labels: [0]
Client ID: 10, Data Size (Number of Samples): 675, Unique Labels: [1]
Client ID: 11, Data Size (Number of Samples): 675, Unique Labels: [1]
Client ID: 12, Data Size (Number of Samples): 674, Unique Labels: [1]
Client ID: 13, Data Size (Number of Samples): 674, Unique Labels: [1]
Client ID: 14, Data Size (Number of Samples): 674, Unique Labels: [1]
Client ID: 15, Data Size (Number of Samples): 674, Unique Labels: [1]
Client ID: 16, Data Size (Number of Samples): 674, Unique Labels: [1]
Client ID: 17, Data Size (Number of Samples): 674, Unique Labels: [1]
Client ID: 18, Data Size (Number of Samples): 674, Unique Labels: [1]
Client ID: 19, Data Size (Number of Samples): 674, Unique Labels: [1]
Client ID: 20, Data Size (Number of Samples): 596, Unique Labels: [2]
Client ID: 21, Data Size (Number of Samples): 596, Unique Labels: [2]
Client ID: 22, Data Size (Number of Samples): 596, Unique Labels: [2]
Client ID: 23, Data Size (Number of Samples): 596, Unique Labels: [2]
Client ID: 24, Data Size (Number of Samples): 596, Unique Labels: [2]
Client ID: 25, Data Size (Number of Samples): 596, Unique Labels: [2]
Client ID: 26, Data Size (Number of Samples): 596, Unique Labels: [2]
Client ID: 27, Data Size (Number of Samples): 596, Unique Labels: [2]
Client ID: 28, Data Size (Number of Samples): 595, Unique Labels: [2]
Client ID: 29, Data Size (Number of Samples): 595, Unique Labels: [2]
Client ID: 30, Data Size (Number of Samples): 614, Unique Labels: [3]
Client ID: 31, Data Size (Number of Samples): 613, Unique Labels: [3]
Client ID: 32, Data Size (Number of Samples): 613, Unique Labels: [3]
Client ID: 33, Data Size (Number of Samples): 613, Unique Labels: [3]
Client ID: 34, Data Size (Number of Samples): 613, Unique Labels: [3]
Client ID: 35, Data Size (Number of Samples): 613, Unique Labels: [3]
Client ID: 36, Data Size (Number of Samples): 613, Unique Labels: [3]
Client ID: 37, Data Size (Number of Samples): 613, Unique Labels: [3]
Client ID: 38, Data Size (Number of Samples): 613, Unique Labels: [3]
Client ID: 39, Data Size (Number of Samples): 613, Unique Labels: [3]
Client ID: 40, Data Size (Number of Samples): 585, Unique Labels: [4]
Client ID: 41, Data Size (Number of Samples): 585, Unique Labels: [4]
Client ID: 42, Data Size (Number of Samples): 584, Unique Labels: [4]
Client ID: 43, Data Size (Number of Samples): 584, Unique Labels: [4]
Client ID: 44, Data Size (Number of Samples): 584, Unique Labels: [4]
Client ID: 45, Data Size (Number of Samples): 584, Unique Labels: [4]
Client ID: 46, Data Size (Number of Samples): 584, Unique Labels: [4]
Client ID: 47, Data Size (Number of Samples): 584, Unique Labels: [4]
Client ID: 48, Data Size (Number of Samples): 584, Unique Labels: [4]
Client ID: 49, Data Size (Number of Samples): 584, Unique Labels: [4]
Client ID: 50, Data Size (Number of Samples): 543, Unique Labels: [5]
Client ID: 51, Data Size (Number of Samples): 542, Unique Labels: [5]
Client ID: 52, Data Size (Number of Samples): 542, Unique Labels: [5]
Client ID: 53, Data Size (Number of Samples): 542, Unique Labels: [5]
Client ID: 54, Data Size (Number of Samples): 542, Unique Labels: [5]
Client ID: 55, Data Size (Number of Samples): 542, Unique Labels: [5]
Client ID: 56, Data Size (Number of Samples): 542, Unique Labels: [5]
Client ID: 57, Data Size (Number of Samples): 542, Unique Labels: [5]
Client ID: 58, Data Size (Number of Samples): 542, Unique Labels: [5]
Client ID: 59, Data Size (Number of Samples): 542, Unique Labels: [5]
Client ID: 60, Data Size (Number of Samples): 592, Unique Labels: [6]
Client ID: 61, Data Size (Number of Samples): 592, Unique Labels: [6]
Client ID: 62, Data Size (Number of Samples): 592, Unique Labels: [6]
Client ID: 63, Data Size (Number of Samples): 592, Unique Labels: [6]
Client ID: 64, Data Size (Number of Samples): 592, Unique Labels: [6]
Client ID: 65, Data Size (Number of Samples): 592, Unique Labels: [6]
Client ID: 66, Data Size (Number of Samples): 592, Unique Labels: [6]
Client ID: 67, Data Size (Number of Samples): 592, Unique Labels: [6]
Client ID: 68, Data Size (Number of Samples): 591, Unique Labels: [6]
Client ID: 69, Data Size (Number of Samples): 591, Unique Labels: [6]
Client ID: 70, Data Size (Number of Samples): 627, Unique Labels: [7]
Client ID: 71, Data Size (Number of Samples): 627, Unique Labels: [7]
Client ID: 72, Data Size (Number of Samples): 627, Unique Labels: [7]
Client ID: 73, Data Size (Number of Samples): 627, Unique Labels: [7]
Client ID: 74, Data Size (Number of Samples): 627, Unique Labels: [7]
Client ID: 75, Data Size (Number of Samples): 626, Unique Labels: [7]
Client ID: 76, Data Size (Number of Samples): 626, Unique Labels: [7]
Client ID: 77, Data Size (Number of Samples): 626, Unique Labels: [7]
Client ID: 78, Data Size (Number of Samples): 626, Unique Labels: [7]
Client ID: 79, Data Size (Number of Samples): 626, Unique Labels: [7]
Client ID: 80, Data Size (Number of Samples): 586, Unique Labels: [8]
Client ID: 81, Data Size (Number of Samples): 585, Unique Labels: [8]
Client ID: 82, Data Size (Number of Samples): 585, Unique Labels: [8]
Client ID: 83, Data Size (Number of Samples): 585, Unique Labels: [8]
Client ID: 84, Data Size (Number of Samples): 585, Unique Labels: [8]
Client ID: 85, Data Size (Number of Samples): 585, Unique Labels: [8]
Client ID: 86, Data Size (Number of Samples): 585, Unique Labels: [8]
Client ID: 87, Data Size (Number of Samples): 585, Unique Labels: [8]
Client ID: 88, Data Size (Number of Samples): 585, Unique Labels: [8]
Client ID: 89, Data Size (Number of Samples): 585, Unique Labels: [8]
Client ID: 90, Data Size (Number of Samples): 595, Unique Labels: [9]
Client ID: 91, Data Size (Number of Samples): 595, Unique Labels: [9]
Client ID: 92, Data Size (Number of Samples): 595, Unique Labels: [9]
Client ID: 93, Data Size (Number of Samples): 595, Unique Labels: [9]
Client ID: 94, Data Size (Number of Samples): 595, Unique Labels: [9]
Client ID: 95, Data Size (Number of Samples): 595, Unique Labels: [9]
Client ID: 96, Data Size (Number of Samples): 595, Unique Labels: [9]
Client ID: 97, Data Size (Number of Samples): 595, Unique Labels: [9]
Client ID: 98, Data Size (Number of Samples): 595, Unique Labels: [9]
Client ID: 99, Data Size (Number of Samples): 594, Unique Labels: [9]

===== Starting ACCESS-FL (dropp out scenario) on MNIST for 100 Training Rounds =====
Round 1/100
distance: 8
Accuracy: 0.1346, 	 Round Time:  22554.504 msec
Round 2/100
distance: 6
Accuracy: 0.1662, 	 Round Time:  20186.723 msec
Round 3/100
distance: 20
Accuracy: 0.2133, 	 Round Time:  20547.573 msec
Round 4/100
distance: 4
Accuracy: 0.2691, 	 Round Time:  20598.338 msec
Round 5/100
distance: 9
Accuracy: 0.3320, 	 Round Time:  20487.211 msec
Round 6/100
distance: 27
Accuracy: 0.4011, 	 Round Time:  20600.708 msec
Round 7/100
distance: 36
Accuracy: 0.4439, 	 Round Time:  20498.358 msec
Round 8/100
distance: 6
Accuracy: 0.4753, 	 Round Time:  20491.998 msec
Round 9/100
distance: 22
Accuracy: 0.4966, 	 Round Time:  20510.318 msec
Round 10/100
distance: 8
Client 87 dropped out
participating_list: [0, 1, 2, 3, 4, 5, 6, 7, 8, 9, 10, 11, 12, 13, 14, 15, 16, 17, 18, 19, 20, 21, 22, 23, 24, 25, 26, 27, 28, 29, 30, 31, 32, 33, 34, 35, 36, 37, 38, 39, 40, 41, 42, 43, 44, 45, 46, 47, 48, 49, 50, 51, 52, 53, 54, 55, 56, 57, 58, 59, 60, 61, 62, 63, 64, 65, 66, 67, 68, 69, 70, 71, 72, 73, 74, 75, 76, 77, 78, 79, 80, 81, 82, 83, 84, 85, 86, 88, 89, 90, 91, 92, 93, 94, 95, 96, 97, 98, 99]
dropout_count: 1
new distance: 38
Accuracy: 0.5182, 	 Round Time:  20867.428 msec
Round 11/100
distance: 22
Accuracy: 0.5331, 	 Round Time:  20044.788 msec
Round 12/100
distance: 39
Accuracy: 0.5448, 	 Round Time:  20247.090 msec
Round 13/100
distance: 31
Accuracy: 0.5579, 	 Round Time:  20095.765 msec
Round 14/100
distance: 13
Accuracy: 0.5684, 	 Round Time:  20351.847 msec
Round 15/100
distance: 2
Accuracy: 0.5778, 	 Round Time:  20304.687 msec
Round 16/100
distance: 20
Accuracy: 0.5879, 	 Round Time:  20223.217 msec
Round 17/100
distance: 42
Accuracy: 0.5964, 	 Round Time:  20232.101 msec
Round 18/100
distance: 30
Accuracy: 0.6052, 	 Round Time:  20210.044 msec
Round 19/100
distance: 21
Accuracy: 0.6121, 	 Round Time:  20274.442 msec
Round 20/100
distance: 38
Client 35 dropped out
participating_list: [0, 1, 2, 3, 4, 5, 6, 7, 8, 9, 10, 11, 12, 13, 14, 15, 16, 17, 18, 19, 20, 21, 22, 23, 24, 25, 26, 27, 28, 29, 30, 31, 32, 33, 34, 36, 37, 38, 39, 40, 41, 42, 43, 44, 45, 46, 47, 48, 49, 50, 51, 52, 53, 54, 55, 56, 57, 58, 59, 60, 61, 62, 63, 64, 65, 66, 67, 68, 69, 70, 71, 72, 73, 74, 75, 76, 77, 78, 79, 80, 81, 82, 83, 84, 85, 86, 88, 89, 90, 91, 92, 93, 94, 95, 96, 97, 98, 99]
dropout_count: 2
new distance: 47
Accuracy: 0.6242, 	 Round Time:  20844.098 msec
Round 21/100
distance: 3
Accuracy: 0.6441, 	 Round Time:  19826.646 msec
Round 22/100
distance: 45
Accuracy: 0.6532, 	 Round Time:  19951.238 msec
Round 23/100
distance: 23
Accuracy: 0.6592, 	 Round Time:  19966.561 msec
Round 24/100
distance: 11
Accuracy: 0.6638, 	 Round Time:  19986.062 msec
Round 25/100
distance: 28
Accuracy: 0.6686, 	 Round Time:  19999.766 msec
Round 26/100
distance: 47
Accuracy: 0.6721, 	 Round Time:  19865.171 msec
Round 27/100
distance: 14
Accuracy: 0.6748, 	 Round Time:  19921.205 msec
Round 28/100
distance: 11
Accuracy: 0.6785, 	 Round Time:  19928.569 msec
Round 29/100
distance: 34
Accuracy: 0.6823, 	 Round Time:  19957.641 msec
Round 30/100
distance: 4
Client 62 dropped out
participating_list: [0, 1, 2, 3, 4, 5, 6, 7, 8, 9, 10, 11, 12, 13, 14, 15, 16, 17, 18, 19, 20, 21, 22, 23, 24, 25, 26, 27, 28, 29, 30, 31, 32, 33, 34, 36, 37, 38, 39, 40, 41, 42, 43, 44, 45, 46, 47, 48, 49, 50, 51, 52, 53, 54, 55, 56, 57, 58, 59, 60, 61, 63, 64, 65, 66, 67, 68, 69, 70, 71, 72, 73, 74, 75, 76, 77, 78, 79, 80, 81, 82, 83, 84, 85, 86, 88, 89, 90, 91, 92, 93, 94, 95, 96, 97, 98, 99]
dropout_count: 3
new distance: 28
Accuracy: 0.6639, 	 Round Time:  20591.241 msec
Round 31/100
distance: 21
Accuracy: 0.6764, 	 Round Time:  19637.521 msec
Round 32/100
distance: 2
Accuracy: 0.6843, 	 Round Time:  19668.412 msec
Round 33/100
distance: 42
Accuracy: 0.6890, 	 Round Time:  19741.640 msec
Round 34/100
distance: 23
Accuracy: 0.6925, 	 Round Time:  19904.778 msec
Round 35/100
distance: 25
Accuracy: 0.6964, 	 Round Time:  19954.437 msec
Round 36/100
distance: 29
Accuracy: 0.7006, 	 Round Time:  19987.878 msec
Round 37/100
distance: 15
Accuracy: 0.7038, 	 Round Time:  19893.410 msec
Round 38/100
distance: 12
Accuracy: 0.7063, 	 Round Time:  19841.021 msec
Round 39/100
distance: 30
Accuracy: 0.7091, 	 Round Time:  19889.921 msec
Round 40/100
distance: 44
Client 27 dropped out
participating_list: [0, 1, 2, 3, 4, 5, 6, 7, 8, 9, 10, 11, 12, 13, 14, 15, 16, 17, 18, 19, 20, 21, 22, 23, 24, 25, 26, 28, 29, 30, 31, 32, 33, 34, 36, 37, 38, 39, 40, 41, 42, 43, 44, 45, 46, 47, 48, 49, 50, 51, 52, 53, 54, 55, 56, 57, 58, 59, 60, 61, 63, 64, 65, 66, 67, 68, 69, 70, 71, 72, 73, 74, 75, 76, 77, 78, 79, 80, 81, 82, 83, 84, 85, 86, 88, 89, 90, 91, 92, 93, 94, 95, 96, 97, 98, 99]
dropout_count: 4
new distance: 23
Accuracy: 0.6834, 	 Round Time:  20334.792 msec
Round 41/100
distance: 39
Accuracy: 0.6993, 	 Round Time:  19548.326 msec
Round 42/100
distance: 29
Accuracy: 0.7052, 	 Round Time:  19855.928 msec
Round 43/100
distance: 37
Accuracy: 0.7087, 	 Round Time:  19765.673 msec
Round 44/100
distance: 25
Accuracy: 0.7111, 	 Round Time:  19640.204 msec
Round 45/100
distance: 31
Accuracy: 0.7139, 	 Round Time:  19487.876 msec
Round 46/100
distance: 10
Accuracy: 0.7163, 	 Round Time:  19420.384 msec
Round 47/100
distance: 40
Accuracy: 0.7190, 	 Round Time:  19541.445 msec
Round 48/100
distance: 28
Accuracy: 0.7212, 	 Round Time:  19650.665 msec
Round 49/100
distance: 37
Accuracy: 0.7236, 	 Round Time:  19985.888 msec
Round 50/100
distance: 38
Client 89 dropped out
participating_list: [0, 1, 2, 3, 4, 5, 6, 7, 8, 9, 10, 11, 12, 13, 14, 15, 16, 17, 18, 19, 20, 21, 22, 23, 24, 25, 26, 28, 29, 30, 31, 32, 33, 34, 36, 37, 38, 39, 40, 41, 42, 43, 44, 45, 46, 47, 48, 49, 50, 51, 52, 53, 54, 55, 56, 57, 58, 59, 60, 61, 63, 64, 65, 66, 67, 68, 69, 70, 71, 72, 73, 74, 75, 76, 77, 78, 79, 80, 81, 82, 83, 84, 85, 86, 88, 90, 91, 92, 93, 94, 95, 96, 97, 98, 99]
dropout_count: 5
new distance: 26
Accuracy: 0.7283, 	 Round Time:  20093.552 msec
Round 51/100
distance: 39
Accuracy: 0.7244, 	 Round Time:  19377.258 msec
Round 52/100
distance: 24
Accuracy: 0.7215, 	 Round Time:  19593.852 msec
Round 53/100
distance: 23
Accuracy: 0.7209, 	 Round Time:  19603.228 msec
Round 54/100
distance: 22
Accuracy: 0.7221, 	 Round Time:  19538.126 msec
Round 55/100
distance: 6
Accuracy: 0.7233, 	 Round Time:  19648.772 msec
Round 56/100
distance: 21
Accuracy: 0.7249, 	 Round Time:  19654.070 msec
Round 57/100
distance: 5
Accuracy: 0.7276, 	 Round Time:  19521.256 msec
Round 58/100
distance: 47
Accuracy: 0.7293, 	 Round Time:  19600.966 msec
Round 59/100
distance: 32
Accuracy: 0.7313, 	 Round Time:  19598.407 msec
Round 60/100
distance: 15
Client 78 dropped out
participating_list: [0, 1, 2, 3, 4, 5, 6, 7, 8, 9, 10, 11, 12, 13, 14, 15, 16, 17, 18, 19, 20, 21, 22, 23, 24, 25, 26, 28, 29, 30, 31, 32, 33, 34, 36, 37, 38, 39, 40, 41, 42, 43, 44, 45, 46, 47, 48, 49, 50, 51, 52, 53, 54, 55, 56, 57, 58, 59, 60, 61, 63, 64, 65, 66, 67, 68, 69, 70, 71, 72, 73, 74, 75, 76, 77, 79, 80, 81, 82, 83, 84, 85, 86, 88, 90, 91, 92, 93, 94, 95, 96, 97, 98, 99]
dropout_count: 6
new distance: 17
Accuracy: 0.7385, 	 Round Time:  19996.067 msec
Round 61/100
distance: 31
Accuracy: 0.7394, 	 Round Time:  19397.176 msec
Round 62/100
distance: 8
Accuracy: 0.7405, 	 Round Time:  19447.855 msec
Round 63/100
distance: 39
Accuracy: 0.7426, 	 Round Time:  19298.396 msec
Round 64/100
distance: 42
Accuracy: 0.7441, 	 Round Time:  19305.676 msec
Round 65/100
distance: 7
Accuracy: 0.7453, 	 Round Time:  19281.898 msec
Round 66/100
distance: 30
Accuracy: 0.7474, 	 Round Time:  19282.310 msec
Round 67/100
distance: 45
Accuracy: 0.7491, 	 Round Time:  19285.465 msec
Round 68/100
distance: 46
Accuracy: 0.7505, 	 Round Time:  19309.958 msec
Round 69/100
distance: 17
Accuracy: 0.7514, 	 Round Time:  19351.622 msec
Round 70/100
distance: 4
Client 59 dropped out
participating_list: [0, 1, 2, 3, 4, 5, 6, 7, 8, 9, 10, 11, 12, 13, 14, 15, 16, 17, 18, 19, 20, 21, 22, 23, 24, 25, 26, 28, 29, 30, 31, 32, 33, 34, 36, 37, 38, 39, 40, 41, 42, 43, 44, 45, 46, 47, 48, 49, 50, 51, 52, 53, 54, 55, 56, 57, 58, 60, 61, 63, 64, 65, 66, 67, 68, 69, 70, 71, 72, 73, 74, 75, 76, 77, 79, 80, 81, 82, 83, 84, 85, 86, 88, 90, 91, 92, 93, 94, 95, 96, 97, 98, 99]
dropout_count: 7
new distance: 11
Accuracy: 0.7559, 	 Round Time:  19600.715 msec
Round 71/100
distance: 40
Accuracy: 0.7541, 	 Round Time:  18966.468 msec
Round 72/100
distance: 21
Accuracy: 0.7518, 	 Round Time:  19020.072 msec
Round 73/100
distance: 26
Accuracy: 0.7523, 	 Round Time:  19117.275 msec
Round 74/100
distance: 3
Accuracy: 0.7535, 	 Round Time:  19069.677 msec
Round 75/100
distance: 2
Accuracy: 0.7543, 	 Round Time:  19136.563 msec
Round 76/100
distance: 41
Accuracy: 0.7555, 	 Round Time:  19011.541 msec
Round 77/100
distance: 5
Accuracy: 0.7566, 	 Round Time:  18936.412 msec
Round 78/100
distance: 42
Accuracy: 0.7584, 	 Round Time:  18984.085 msec
Round 79/100
distance: 15
Accuracy: 0.7595, 	 Round Time:  19080.506 msec
Round 80/100
distance: 25
Client 40 dropped out
participating_list: [0, 1, 2, 3, 4, 5, 6, 7, 8, 9, 10, 11, 12, 13, 14, 15, 16, 17, 18, 19, 20, 21, 22, 23, 24, 25, 26, 28, 29, 30, 31, 32, 33, 34, 36, 37, 38, 39, 41, 42, 43, 44, 45, 46, 47, 48, 49, 50, 51, 52, 53, 54, 55, 56, 57, 58, 60, 61, 63, 64, 65, 66, 67, 68, 69, 70, 71, 72, 73, 74, 75, 76, 77, 79, 80, 81, 82, 83, 84, 85, 86, 88, 90, 91, 92, 93, 94, 95, 96, 97, 98, 99]
dropout_count: 8
new distance: 5
Accuracy: 0.7614, 	 Round Time:  19659.564 msec
Round 81/100
distance: 18
Accuracy: 0.7627, 	 Round Time:  18963.315 msec
Round 82/100
distance: 12
Accuracy: 0.7628, 	 Round Time:  19076.756 msec
Round 83/100
distance: 15
Accuracy: 0.7636, 	 Round Time:  18867.309 msec
Round 84/100
distance: 37
Accuracy: 0.7650, 	 Round Time:  18971.528 msec
Round 85/100
distance: 8
Accuracy: 0.7650, 	 Round Time:  18873.441 msec
Round 86/100
distance: 24
Accuracy: 0.7657, 	 Round Time:  18773.828 msec
Round 87/100
distance: 14
Accuracy: 0.7671, 	 Round Time:  18902.302 msec
Round 88/100
distance: 30
Accuracy: 0.7677, 	 Round Time:  18869.521 msec
Round 89/100
distance: 12
Accuracy: 0.7687, 	 Round Time:  18821.233 msec
Round 90/100
distance: 45
Client 86 dropped out
participating_list: [0, 1, 2, 3, 4, 5, 6, 7, 8, 9, 10, 11, 12, 13, 14, 15, 16, 17, 18, 19, 20, 21, 22, 23, 24, 25, 26, 28, 29, 30, 31, 32, 33, 34, 36, 37, 38, 39, 41, 42, 43, 44, 45, 46, 47, 48, 49, 50, 51, 52, 53, 54, 55, 56, 57, 58, 60, 61, 63, 64, 65, 66, 67, 68, 69, 70, 71, 72, 73, 74, 75, 76, 77, 79, 80, 81, 82, 83, 84, 85, 88, 90, 91, 92, 93, 94, 95, 96, 97, 98, 99]
dropout_count: 9
new distance: 10
Accuracy: 0.7728, 	 Round Time:  19585.698 msec
Round 91/100
distance: 24
Accuracy: 0.7668, 	 Round Time:  18767.699 msec
Round 92/100
distance: 38
Accuracy: 0.7637, 	 Round Time:  18786.857 msec
Round 93/100
distance: 27
Accuracy: 0.7621, 	 Round Time:  18608.970 msec
Round 94/100
distance: 7
Accuracy: 0.7618, 	 Round Time:  18688.699 msec
Round 95/100
distance: 42
Accuracy: 0.7619, 	 Round Time:  18839.823 msec
Round 96/100
distance: 29
Accuracy: 0.7625, 	 Round Time:  18739.943 msec
Round 97/100
distance: 26
Accuracy: 0.7641, 	 Round Time:  18626.375 msec
Round 98/100
distance: 12
Accuracy: 0.7647, 	 Round Time:  18690.188 msec
Round 99/100
distance: 36
Accuracy: 0.7653, 	 Round Time:  18802.922 msec
Round 100/100
distance: 24
Client 63 dropped out
participating_list: [0, 1, 2, 3, 4, 5, 6, 7, 8, 9, 10, 11, 12, 13, 14, 15, 16, 17, 18, 19, 20, 21, 22, 23, 24, 25, 26, 28, 29, 30, 31, 32, 33, 34, 36, 37, 38, 39, 41, 42, 43, 44, 45, 46, 47, 48, 49, 50, 51, 52, 53, 54, 55, 56, 57, 58, 60, 61, 64, 65, 66, 67, 68, 69, 70, 71, 72, 73, 74, 75, 76, 77, 79, 80, 81, 82, 83, 84, 85, 88, 90, 91, 92, 93, 94, 95, 96, 97, 98, 99]
dropout_count: 10
new distance: 26
Accuracy: 0.7683, 	 Round Time:  19297.719 msec
Final test accuracy: 0.7683, 	 Total FL Time:  1985898.193 msec
