
===== Global Model Architecture (2NN) =====
Model: "sequential"
┏━━━━━━━━━━━━━━━━━━━━━━━━━━━━━━━━━━━━━━┳━━━━━━━━━━━━━━━━━━━━━━━━━━━━━┳━━━━━━━━━━━━━━━━━┓
┃ Layer (type)                         ┃ Output Shape                ┃         Param # ┃
┡━━━━━━━━━━━━━━━━━━━━━━━━━━━━━━━━━━━━━━╇━━━━━━━━━━━━━━━━━━━━━━━━━━━━━╇━━━━━━━━━━━━━━━━━┩
│ dense (Dense)                        │ (None, 200)                 │         157,000 │
├──────────────────────────────────────┼─────────────────────────────┼─────────────────┤
│ dense_1 (Dense)                      │ (None, 200)                 │          40,200 │
├──────────────────────────────────────┼─────────────────────────────┼─────────────────┤
│ dense_2 (Dense)                      │ (None, 10)                  │           2,010 │
└──────────────────────────────────────┴─────────────────────────────┴─────────────────┘
 Total params: 199,210 (778.16 KB)
 Trainable params: 199,210 (778.16 KB)
 Non-trainable params: 0 (0.00 B)


===== NonIID Data Distribution =====
Data distributed among 100 clients 

Client ID: 0, Data Size (Number of Samples): 600, Unique Labels: [0]
Client ID: 1, Data Size (Number of Samples): 600, Unique Labels: [0]
Client ID: 2, Data Size (Number of Samples): 600, Unique Labels: [0]
Client ID: 3, Data Size (Number of Samples): 600, Unique Labels: [0]
Client ID: 4, Data Size (Number of Samples): 600, Unique Labels: [0]
Client ID: 5, Data Size (Number of Samples): 600, Unique Labels: [0]
Client ID: 6, Data Size (Number of Samples): 600, Unique Labels: [0]
Client ID: 7, Data Size (Number of Samples): 600, Unique Labels: [0]
Client ID: 8, Data Size (Number of Samples): 600, Unique Labels: [0]
Client ID: 9, Data Size (Number of Samples): 600, Unique Labels: [0]
Client ID: 10, Data Size (Number of Samples): 600, Unique Labels: [1]
Client ID: 11, Data Size (Number of Samples): 600, Unique Labels: [1]
Client ID: 12, Data Size (Number of Samples): 600, Unique Labels: [1]
Client ID: 13, Data Size (Number of Samples): 600, Unique Labels: [1]
Client ID: 14, Data Size (Number of Samples): 600, Unique Labels: [1]
Client ID: 15, Data Size (Number of Samples): 600, Unique Labels: [1]
Client ID: 16, Data Size (Number of Samples): 600, Unique Labels: [1]
Client ID: 17, Data Size (Number of Samples): 600, Unique Labels: [1]
Client ID: 18, Data Size (Number of Samples): 600, Unique Labels: [1]
Client ID: 19, Data Size (Number of Samples): 600, Unique Labels: [1]
Client ID: 20, Data Size (Number of Samples): 600, Unique Labels: [2]
Client ID: 21, Data Size (Number of Samples): 600, Unique Labels: [2]
Client ID: 22, Data Size (Number of Samples): 600, Unique Labels: [2]
Client ID: 23, Data Size (Number of Samples): 600, Unique Labels: [2]
Client ID: 24, Data Size (Number of Samples): 600, Unique Labels: [2]
Client ID: 25, Data Size (Number of Samples): 600, Unique Labels: [2]
Client ID: 26, Data Size (Number of Samples): 600, Unique Labels: [2]
Client ID: 27, Data Size (Number of Samples): 600, Unique Labels: [2]
Client ID: 28, Data Size (Number of Samples): 600, Unique Labels: [2]
Client ID: 29, Data Size (Number of Samples): 600, Unique Labels: [2]
Client ID: 30, Data Size (Number of Samples): 600, Unique Labels: [3]
Client ID: 31, Data Size (Number of Samples): 600, Unique Labels: [3]
Client ID: 32, Data Size (Number of Samples): 600, Unique Labels: [3]
Client ID: 33, Data Size (Number of Samples): 600, Unique Labels: [3]
Client ID: 34, Data Size (Number of Samples): 600, Unique Labels: [3]
Client ID: 35, Data Size (Number of Samples): 600, Unique Labels: [3]
Client ID: 36, Data Size (Number of Samples): 600, Unique Labels: [3]
Client ID: 37, Data Size (Number of Samples): 600, Unique Labels: [3]
Client ID: 38, Data Size (Number of Samples): 600, Unique Labels: [3]
Client ID: 39, Data Size (Number of Samples): 600, Unique Labels: [3]
Client ID: 40, Data Size (Number of Samples): 600, Unique Labels: [4]
Client ID: 41, Data Size (Number of Samples): 600, Unique Labels: [4]
Client ID: 42, Data Size (Number of Samples): 600, Unique Labels: [4]
Client ID: 43, Data Size (Number of Samples): 600, Unique Labels: [4]
Client ID: 44, Data Size (Number of Samples): 600, Unique Labels: [4]
Client ID: 45, Data Size (Number of Samples): 600, Unique Labels: [4]
Client ID: 46, Data Size (Number of Samples): 600, Unique Labels: [4]
Client ID: 47, Data Size (Number of Samples): 600, Unique Labels: [4]
Client ID: 48, Data Size (Number of Samples): 600, Unique Labels: [4]
Client ID: 49, Data Size (Number of Samples): 600, Unique Labels: [4]
Client ID: 50, Data Size (Number of Samples): 600, Unique Labels: [5]
Client ID: 51, Data Size (Number of Samples): 600, Unique Labels: [5]
Client ID: 52, Data Size (Number of Samples): 600, Unique Labels: [5]
Client ID: 53, Data Size (Number of Samples): 600, Unique Labels: [5]
Client ID: 54, Data Size (Number of Samples): 600, Unique Labels: [5]
Client ID: 55, Data Size (Number of Samples): 600, Unique Labels: [5]
Client ID: 56, Data Size (Number of Samples): 600, Unique Labels: [5]
Client ID: 57, Data Size (Number of Samples): 600, Unique Labels: [5]
Client ID: 58, Data Size (Number of Samples): 600, Unique Labels: [5]
Client ID: 59, Data Size (Number of Samples): 600, Unique Labels: [5]
Client ID: 60, Data Size (Number of Samples): 600, Unique Labels: [6]
Client ID: 61, Data Size (Number of Samples): 600, Unique Labels: [6]
Client ID: 62, Data Size (Number of Samples): 600, Unique Labels: [6]
Client ID: 63, Data Size (Number of Samples): 600, Unique Labels: [6]
Client ID: 64, Data Size (Number of Samples): 600, Unique Labels: [6]
Client ID: 65, Data Size (Number of Samples): 600, Unique Labels: [6]
Client ID: 66, Data Size (Number of Samples): 600, Unique Labels: [6]
Client ID: 67, Data Size (Number of Samples): 600, Unique Labels: [6]
Client ID: 68, Data Size (Number of Samples): 600, Unique Labels: [6]
Client ID: 69, Data Size (Number of Samples): 600, Unique Labels: [6]
Client ID: 70, Data Size (Number of Samples): 600, Unique Labels: [7]
Client ID: 71, Data Size (Number of Samples): 600, Unique Labels: [7]
Client ID: 72, Data Size (Number of Samples): 600, Unique Labels: [7]
Client ID: 73, Data Size (Number of Samples): 600, Unique Labels: [7]
Client ID: 74, Data Size (Number of Samples): 600, Unique Labels: [7]
Client ID: 75, Data Size (Number of Samples): 600, Unique Labels: [7]
Client ID: 76, Data Size (Number of Samples): 600, Unique Labels: [7]
Client ID: 77, Data Size (Number of Samples): 600, Unique Labels: [7]
Client ID: 78, Data Size (Number of Samples): 600, Unique Labels: [7]
Client ID: 79, Data Size (Number of Samples): 600, Unique Labels: [7]
Client ID: 80, Data Size (Number of Samples): 600, Unique Labels: [8]
Client ID: 81, Data Size (Number of Samples): 600, Unique Labels: [8]
Client ID: 82, Data Size (Number of Samples): 600, Unique Labels: [8]
Client ID: 83, Data Size (Number of Samples): 600, Unique Labels: [8]
Client ID: 84, Data Size (Number of Samples): 600, Unique Labels: [8]
Client ID: 85, Data Size (Number of Samples): 600, Unique Labels: [8]
Client ID: 86, Data Size (Number of Samples): 600, Unique Labels: [8]
Client ID: 87, Data Size (Number of Samples): 600, Unique Labels: [8]
Client ID: 88, Data Size (Number of Samples): 600, Unique Labels: [8]
Client ID: 89, Data Size (Number of Samples): 600, Unique Labels: [8]
Client ID: 90, Data Size (Number of Samples): 600, Unique Labels: [9]
Client ID: 91, Data Size (Number of Samples): 600, Unique Labels: [9]
Client ID: 92, Data Size (Number of Samples): 600, Unique Labels: [9]
Client ID: 93, Data Size (Number of Samples): 600, Unique Labels: [9]
Client ID: 94, Data Size (Number of Samples): 600, Unique Labels: [9]
Client ID: 95, Data Size (Number of Samples): 600, Unique Labels: [9]
Client ID: 96, Data Size (Number of Samples): 600, Unique Labels: [9]
Client ID: 97, Data Size (Number of Samples): 600, Unique Labels: [9]
Client ID: 98, Data Size (Number of Samples): 600, Unique Labels: [9]
Client ID: 99, Data Size (Number of Samples): 600, Unique Labels: [9]

===== Starting ACCESS-FL (dropp out scenario) on Fashion-MNIST for 100 Training Rounds =====
Round 1/100
distance: 8
Accuracy: 0.1184, 	 Round Time:  20906.418 msec
Round 2/100
distance: 6
Accuracy: 0.1604, 	 Round Time:  20108.253 msec
Round 3/100
distance: 20
Accuracy: 0.2486, 	 Round Time:  20228.342 msec
Round 4/100
distance: 4
Accuracy: 0.3066, 	 Round Time:  20351.091 msec
Round 5/100
distance: 9
Accuracy: 0.3518, 	 Round Time:  20338.115 msec
Round 6/100
distance: 27
Accuracy: 0.3878, 	 Round Time:  20606.927 msec
Round 7/100
distance: 36
Accuracy: 0.4151, 	 Round Time:  20406.945 msec
Round 8/100
distance: 6
Accuracy: 0.4395, 	 Round Time:  20431.330 msec
Round 9/100
distance: 22
Accuracy: 0.4569, 	 Round Time:  20321.733 msec
Round 10/100
distance: 8
Client 87 dropped out
participating_list: [0, 1, 2, 3, 4, 5, 6, 7, 8, 9, 10, 11, 12, 13, 14, 15, 16, 17, 18, 19, 20, 21, 22, 23, 24, 25, 26, 27, 28, 29, 30, 31, 32, 33, 34, 35, 36, 37, 38, 39, 40, 41, 42, 43, 44, 45, 46, 47, 48, 49, 50, 51, 52, 53, 54, 55, 56, 57, 58, 59, 60, 61, 62, 63, 64, 65, 66, 67, 68, 69, 70, 71, 72, 73, 74, 75, 76, 77, 78, 79, 80, 81, 82, 83, 84, 85, 86, 88, 89, 90, 91, 92, 93, 94, 95, 96, 97, 98, 99]
dropout_count: 1
new distance: 38
Accuracy: 0.4665, 	 Round Time:  21099.261 msec
Round 11/100
distance: 22
Accuracy: 0.4791, 	 Round Time:  20181.137 msec
Round 12/100
distance: 39
Accuracy: 0.4918, 	 Round Time:  20246.611 msec
Round 13/100
distance: 31
Accuracy: 0.5012, 	 Round Time:  20158.571 msec
Round 14/100
distance: 13
Accuracy: 0.5121, 	 Round Time:  20169.003 msec
Round 15/100
distance: 2
Accuracy: 0.5223, 	 Round Time:  20152.767 msec
Round 16/100
distance: 20
Accuracy: 0.5320, 	 Round Time:  20156.035 msec
Round 17/100
distance: 42
Accuracy: 0.5432, 	 Round Time:  20144.298 msec
Round 18/100
distance: 30
Accuracy: 0.5526, 	 Round Time:  19987.212 msec
Round 19/100
distance: 21
Accuracy: 0.5588, 	 Round Time:  20026.248 msec
Round 20/100
distance: 38
Client 35 dropped out
participating_list: [0, 1, 2, 3, 4, 5, 6, 7, 8, 9, 10, 11, 12, 13, 14, 15, 16, 17, 18, 19, 20, 21, 22, 23, 24, 25, 26, 27, 28, 29, 30, 31, 32, 33, 34, 36, 37, 38, 39, 40, 41, 42, 43, 44, 45, 46, 47, 48, 49, 50, 51, 52, 53, 54, 55, 56, 57, 58, 59, 60, 61, 62, 63, 64, 65, 66, 67, 68, 69, 70, 71, 72, 73, 74, 75, 76, 77, 78, 79, 80, 81, 82, 83, 84, 85, 86, 88, 89, 90, 91, 92, 93, 94, 95, 96, 97, 98, 99]
dropout_count: 2
new distance: 47
Accuracy: 0.5616, 	 Round Time:  20738.076 msec
Round 21/100
distance: 3
Accuracy: 0.5693, 	 Round Time:  19757.023 msec
Round 22/100
distance: 45
Accuracy: 0.5759, 	 Round Time:  19905.856 msec
Round 23/100
distance: 23
Accuracy: 0.5815, 	 Round Time:  19715.806 msec
Round 24/100
distance: 11
Accuracy: 0.5875, 	 Round Time:  19879.929 msec
Round 25/100
distance: 28
Accuracy: 0.5931, 	 Round Time:  20025.993 msec
Round 26/100
distance: 47
Accuracy: 0.5988, 	 Round Time:  19888.567 msec
Round 27/100
distance: 14
Accuracy: 0.6044, 	 Round Time:  20070.454 msec
Round 28/100
distance: 11
Accuracy: 0.6097, 	 Round Time:  19961.737 msec
Round 29/100
distance: 34
Accuracy: 0.6133, 	 Round Time:  19940.096 msec
Round 30/100
distance: 4
Client 62 dropped out
participating_list: [0, 1, 2, 3, 4, 5, 6, 7, 8, 9, 10, 11, 12, 13, 14, 15, 16, 17, 18, 19, 20, 21, 22, 23, 24, 25, 26, 27, 28, 29, 30, 31, 32, 33, 34, 36, 37, 38, 39, 40, 41, 42, 43, 44, 45, 46, 47, 48, 49, 50, 51, 52, 53, 54, 55, 56, 57, 58, 59, 60, 61, 63, 64, 65, 66, 67, 68, 69, 70, 71, 72, 73, 74, 75, 76, 77, 78, 79, 80, 81, 82, 83, 84, 85, 86, 88, 89, 90, 91, 92, 93, 94, 95, 96, 97, 98, 99]
dropout_count: 3
new distance: 28
Accuracy: 0.6144, 	 Round Time:  20547.873 msec
Round 31/100
distance: 21
Accuracy: 0.6191, 	 Round Time:  19662.068 msec
Round 32/100
distance: 2
Accuracy: 0.6248, 	 Round Time:  19828.301 msec
Round 33/100
distance: 42
Accuracy: 0.6281, 	 Round Time:  19899.452 msec
Round 34/100
distance: 23
Accuracy: 0.6311, 	 Round Time:  19805.553 msec
Round 35/100
distance: 25
Accuracy: 0.6342, 	 Round Time:  19880.265 msec
Round 36/100
distance: 29
Accuracy: 0.6381, 	 Round Time:  19795.893 msec
Round 37/100
distance: 15
Accuracy: 0.6407, 	 Round Time:  19765.956 msec
Round 38/100
distance: 12
Accuracy: 0.6439, 	 Round Time:  19823.600 msec
Round 39/100
distance: 30
Accuracy: 0.6484, 	 Round Time:  19943.792 msec
Round 40/100
distance: 44
Client 27 dropped out
participating_list: [0, 1, 2, 3, 4, 5, 6, 7, 8, 9, 10, 11, 12, 13, 14, 15, 16, 17, 18, 19, 20, 21, 22, 23, 24, 25, 26, 28, 29, 30, 31, 32, 33, 34, 36, 37, 38, 39, 40, 41, 42, 43, 44, 45, 46, 47, 48, 49, 50, 51, 52, 53, 54, 55, 56, 57, 58, 59, 60, 61, 63, 64, 65, 66, 67, 68, 69, 70, 71, 72, 73, 74, 75, 76, 77, 78, 79, 80, 81, 82, 83, 84, 85, 86, 88, 89, 90, 91, 92, 93, 94, 95, 96, 97, 98, 99]
dropout_count: 4
new distance: 23
Accuracy: 0.6504, 	 Round Time:  20415.177 msec
Round 41/100
distance: 39
Accuracy: 0.6546, 	 Round Time:  19636.304 msec
Round 42/100
distance: 29
Accuracy: 0.6582, 	 Round Time:  19613.921 msec
Round 43/100
distance: 37
Accuracy: 0.6612, 	 Round Time:  19592.030 msec
Round 44/100
distance: 25
Accuracy: 0.6620, 	 Round Time:  19549.347 msec
Round 45/100
distance: 31
Accuracy: 0.6637, 	 Round Time:  19659.818 msec
Round 46/100
distance: 10
Accuracy: 0.6660, 	 Round Time:  19653.863 msec
Round 47/100
distance: 40
Accuracy: 0.6681, 	 Round Time:  19617.733 msec
Round 48/100
distance: 28
Accuracy: 0.6715, 	 Round Time:  19512.673 msec
Round 49/100
distance: 37
Accuracy: 0.6733, 	 Round Time:  19712.757 msec
Round 50/100
distance: 38
Client 89 dropped out
participating_list: [0, 1, 2, 3, 4, 5, 6, 7, 8, 9, 10, 11, 12, 13, 14, 15, 16, 17, 18, 19, 20, 21, 22, 23, 24, 25, 26, 28, 29, 30, 31, 32, 33, 34, 36, 37, 38, 39, 40, 41, 42, 43, 44, 45, 46, 47, 48, 49, 50, 51, 52, 53, 54, 55, 56, 57, 58, 59, 60, 61, 63, 64, 65, 66, 67, 68, 69, 70, 71, 72, 73, 74, 75, 76, 77, 78, 79, 80, 81, 82, 83, 84, 85, 86, 88, 90, 91, 92, 93, 94, 95, 96, 97, 98, 99]
dropout_count: 5
new distance: 26
Accuracy: 0.6743, 	 Round Time:  20159.977 msec
Round 51/100
distance: 39
Accuracy: 0.6724, 	 Round Time:  19348.679 msec
Round 52/100
distance: 24
Accuracy: 0.6727, 	 Round Time:  19432.677 msec
Round 53/100
distance: 23
Accuracy: 0.6745, 	 Round Time:  19713.230 msec
Round 54/100
distance: 22
Accuracy: 0.6759, 	 Round Time:  19448.873 msec
Round 55/100
distance: 6
Accuracy: 0.6774, 	 Round Time:  19542.690 msec
Round 56/100
distance: 21
Accuracy: 0.6779, 	 Round Time:  19410.801 msec
Round 57/100
distance: 5
Accuracy: 0.6806, 	 Round Time:  19308.498 msec
Round 58/100
distance: 47
Accuracy: 0.6821, 	 Round Time:  19507.928 msec
Round 59/100
distance: 32
Accuracy: 0.6830, 	 Round Time:  19314.725 msec
Round 60/100
distance: 15
Client 78 dropped out
participating_list: [0, 1, 2, 3, 4, 5, 6, 7, 8, 9, 10, 11, 12, 13, 14, 15, 16, 17, 18, 19, 20, 21, 22, 23, 24, 25, 26, 28, 29, 30, 31, 32, 33, 34, 36, 37, 38, 39, 40, 41, 42, 43, 44, 45, 46, 47, 48, 49, 50, 51, 52, 53, 54, 55, 56, 57, 58, 59, 60, 61, 63, 64, 65, 66, 67, 68, 69, 70, 71, 72, 73, 74, 75, 76, 77, 79, 80, 81, 82, 83, 84, 85, 86, 88, 90, 91, 92, 93, 94, 95, 96, 97, 98, 99]
dropout_count: 6
new distance: 17
Accuracy: 0.6852, 	 Round Time:  19848.921 msec
Round 61/100
distance: 31
Accuracy: 0.6858, 	 Round Time:  19113.743 msec
Round 62/100
distance: 8
Accuracy: 0.6869, 	 Round Time:  19511.751 msec
Round 63/100
distance: 39
Accuracy: 0.6878, 	 Round Time:  19246.294 msec
Round 64/100
distance: 42
Accuracy: 0.6891, 	 Round Time:  19234.300 msec
Round 65/100
distance: 7
Accuracy: 0.6904, 	 Round Time:  19285.888 msec
Round 66/100
distance: 30
Accuracy: 0.6916, 	 Round Time:  20210.120 msec
Round 67/100
distance: 45
Accuracy: 0.6927, 	 Round Time:  19220.376 msec
Round 68/100
distance: 46
Accuracy: 0.6941, 	 Round Time:  19287.066 msec
Round 69/100
distance: 17
Accuracy: 0.6951, 	 Round Time:  19282.634 msec
Round 70/100
distance: 4
Client 59 dropped out
participating_list: [0, 1, 2, 3, 4, 5, 6, 7, 8, 9, 10, 11, 12, 13, 14, 15, 16, 17, 18, 19, 20, 21, 22, 23, 24, 25, 26, 28, 29, 30, 31, 32, 33, 34, 36, 37, 38, 39, 40, 41, 42, 43, 44, 45, 46, 47, 48, 49, 50, 51, 52, 53, 54, 55, 56, 57, 58, 60, 61, 63, 64, 65, 66, 67, 68, 69, 70, 71, 72, 73, 74, 75, 76, 77, 79, 80, 81, 82, 83, 84, 85, 86, 88, 90, 91, 92, 93, 94, 95, 96, 97, 98, 99]
dropout_count: 7
new distance: 11
Accuracy: 0.6963, 	 Round Time:  19747.251 msec
Round 71/100
distance: 40
Accuracy: 0.6986, 	 Round Time:  18915.992 msec
Round 72/100
distance: 21
Accuracy: 0.6990, 	 Round Time:  19099.969 msec
Round 73/100
distance: 26
Accuracy: 0.6998, 	 Round Time:  19057.656 msec
Round 74/100
distance: 3
Accuracy: 0.7006, 	 Round Time:  19011.717 msec
Round 75/100
distance: 2
Accuracy: 0.7014, 	 Round Time:  19102.248 msec
Round 76/100
distance: 41
Accuracy: 0.7024, 	 Round Time:  18972.810 msec
Round 77/100
distance: 5
Accuracy: 0.7029, 	 Round Time:  19134.687 msec
Round 78/100
distance: 42
Accuracy: 0.7034, 	 Round Time:  19096.432 msec
Round 79/100
distance: 15
Accuracy: 0.7039, 	 Round Time:  22559.157 msec
Round 80/100
distance: 25
Client 40 dropped out
participating_list: [0, 1, 2, 3, 4, 5, 6, 7, 8, 9, 10, 11, 12, 13, 14, 15, 16, 17, 18, 19, 20, 21, 22, 23, 24, 25, 26, 28, 29, 30, 31, 32, 33, 34, 36, 37, 38, 39, 41, 42, 43, 44, 45, 46, 47, 48, 49, 50, 51, 52, 53, 54, 55, 56, 57, 58, 60, 61, 63, 64, 65, 66, 67, 68, 69, 70, 71, 72, 73, 74, 75, 76, 77, 79, 80, 81, 82, 83, 84, 85, 86, 88, 90, 91, 92, 93, 94, 95, 96, 97, 98, 99]
dropout_count: 8
new distance: 5
Accuracy: 0.7055, 	 Round Time:  23973.393 msec
Round 81/100
distance: 18
Accuracy: 0.7037, 	 Round Time:  19410.526 msec
Round 82/100
distance: 12
Accuracy: 0.7042, 	 Round Time:  18903.020 msec
Round 83/100
distance: 15
Accuracy: 0.7051, 	 Round Time:  18769.324 msec
Round 84/100
distance: 37
Accuracy: 0.7060, 	 Round Time:  18750.022 msec
Round 85/100
distance: 8
Accuracy: 0.7067, 	 Round Time:  18857.553 msec
Round 86/100
distance: 24
Accuracy: 0.7072, 	 Round Time:  18842.302 msec
Round 87/100
distance: 14
Accuracy: 0.7083, 	 Round Time:  18658.447 msec
Round 88/100
distance: 30
Accuracy: 0.7088, 	 Round Time:  18653.006 msec
Round 89/100
distance: 12
Accuracy: 0.7094, 	 Round Time:  20741.308 msec
Round 90/100
distance: 45
Client 86 dropped out
participating_list: [0, 1, 2, 3, 4, 5, 6, 7, 8, 9, 10, 11, 12, 13, 14, 15, 16, 17, 18, 19, 20, 21, 22, 23, 24, 25, 26, 28, 29, 30, 31, 32, 33, 34, 36, 37, 38, 39, 41, 42, 43, 44, 45, 46, 47, 48, 49, 50, 51, 52, 53, 54, 55, 56, 57, 58, 60, 61, 63, 64, 65, 66, 67, 68, 69, 70, 71, 72, 73, 74, 75, 76, 77, 79, 80, 81, 82, 83, 84, 85, 88, 90, 91, 92, 93, 94, 95, 96, 97, 98, 99]
dropout_count: 9
new distance: 10
Accuracy: 0.7094, 	 Round Time:  19180.346 msec
Round 91/100
distance: 24
Accuracy: 0.7075, 	 Round Time:  18540.928 msec
Round 92/100
distance: 38
Accuracy: 0.7077, 	 Round Time:  18532.909 msec
Round 93/100
distance: 27
Accuracy: 0.7076, 	 Round Time:  23470.073 msec
Round 94/100
distance: 7
Accuracy: 0.7083, 	 Round Time:  20977.975 msec
Round 95/100
distance: 42
Accuracy: 0.7092, 	 Round Time:  18617.819 msec
Round 96/100
distance: 29
Accuracy: 0.7096, 	 Round Time:  18482.441 msec
Round 97/100
distance: 26
Accuracy: 0.7105, 	 Round Time:  18572.597 msec
Round 98/100
distance: 12
Accuracy: 0.7112, 	 Round Time:  18627.426 msec
Round 99/100
distance: 36
Accuracy: 0.7123, 	 Round Time:  18534.816 msec
Round 100/100
distance: 24
Client 63 dropped out
participating_list: [0, 1, 2, 3, 4, 5, 6, 7, 8, 9, 10, 11, 12, 13, 14, 15, 16, 17, 18, 19, 20, 21, 22, 23, 24, 25, 26, 28, 29, 30, 31, 32, 33, 34, 36, 37, 38, 39, 41, 42, 43, 44, 45, 46, 47, 48, 49, 50, 51, 52, 53, 54, 55, 56, 57, 58, 60, 61, 64, 65, 66, 67, 68, 69, 70, 71, 72, 73, 74, 75, 76, 77, 79, 80, 81, 82, 83, 84, 85, 88, 90, 91, 92, 93, 94, 95, 96, 97, 98, 99]
dropout_count: 10
new distance: 26
Accuracy: 0.7128, 	 Round Time:  19029.826 msec
Final test accuracy: 0.7128, 	 Total FL Time:  1996209.115 msec
